2020-11-11 10:46:11,101 ERROR 66321 nodejs.ClusterClientNoResponseError: client no response in 482462ms exceeding maxIdleTime 60000ms, maybe the connection is close on other side.
    at Timeout._onTimeout (/Users/zfp/Desktop/react-egg/qqd-server/node_modules/cluster-client/lib/leader.js:77:23)
    at listOnTimeout (internal/timers.js:549:17)
    at processTimers (internal/timers.js:492:7)
name: "ClusterClientNoResponseError"
pid: 66321
hostname: zfps-MacBook-Pro.local

2020-11-11 12:34:16,686 ERROR 66321 nodejs.ClusterClientNoResponseError: client no response in 1344800ms exceeding maxIdleTime 60000ms, maybe the connection is close on other side.
    at Timeout._onTimeout (/Users/zfp/Desktop/react-egg/qqd-server/node_modules/cluster-client/lib/leader.js:77:23)
    at listOnTimeout (internal/timers.js:549:17)
    at processTimers (internal/timers.js:492:7)
name: "ClusterClientNoResponseError"
pid: 66321
hostname: zfps-MacBook-Pro.local

2020-11-11 13:29:02,171 ERROR 66321 nodejs.ClusterClientNoResponseError: client no response in 244996ms exceeding maxIdleTime 60000ms, maybe the connection is close on other side.
    at Timeout._onTimeout (/Users/zfp/Desktop/react-egg/qqd-server/node_modules/cluster-client/lib/leader.js:77:23)
    at listOnTimeout (internal/timers.js:549:17)
    at processTimers (internal/timers.js:492:7)
name: "ClusterClientNoResponseError"
pid: 66321
hostname: zfps-MacBook-Pro.local

2020-11-11 14:22:02,782 ERROR 66321 nodejs.ClusterClientNoResponseError: client no response in 395896ms exceeding maxIdleTime 60000ms, maybe the connection is close on other side.
    at Timeout._onTimeout (/Users/zfp/Desktop/react-egg/qqd-server/node_modules/cluster-client/lib/leader.js:77:23)
    at listOnTimeout (internal/timers.js:549:17)
    at processTimers (internal/timers.js:492:7)
name: "ClusterClientNoResponseError"
pid: 66321
hostname: zfps-MacBook-Pro.local

2020-11-11 16:26:48,609 ERROR 66321 nodejs.ClusterClientNoResponseError: client no response in 584248ms exceeding maxIdleTime 60000ms, maybe the connection is close on other side.
    at Timeout._onTimeout (/Users/zfp/Desktop/react-egg/qqd-server/node_modules/cluster-client/lib/leader.js:77:23)
    at listOnTimeout (internal/timers.js:549:17)
    at processTimers (internal/timers.js:492:7)
name: "ClusterClientNoResponseError"
pid: 66321
hostname: zfps-MacBook-Pro.local

2020-11-11 18:46:15,234 ERROR 66321 nodejs.ClusterClientNoResponseError: client no response in 161093ms exceeding maxIdleTime 60000ms, maybe the connection is close on other side.
    at Timeout._onTimeout (/Users/zfp/Desktop/react-egg/qqd-server/node_modules/cluster-client/lib/leader.js:77:23)
    at listOnTimeout (internal/timers.js:549:17)
    at processTimers (internal/timers.js:492:7)
name: "ClusterClientNoResponseError"
pid: 66321
hostname: zfps-MacBook-Pro.local

2020-11-11 18:54:06,185 ERROR 66321 nodejs.ClusterClientNoResponseError: client no response in 450560ms exceeding maxIdleTime 60000ms, maybe the connection is close on other side.
    at Timeout._onTimeout (/Users/zfp/Desktop/react-egg/qqd-server/node_modules/cluster-client/lib/leader.js:77:23)
    at listOnTimeout (internal/timers.js:549:17)
    at processTimers (internal/timers.js:492:7)
name: "ClusterClientNoResponseError"
pid: 66321
hostname: zfps-MacBook-Pro.local

2020-11-11 21:52:43,353 ERROR 66321 nodejs.ClusterClientNoResponseError: client no response in 10677155ms exceeding maxIdleTime 60000ms, maybe the connection is close on other side.
    at Timeout._onTimeout (/Users/zfp/Desktop/react-egg/qqd-server/node_modules/cluster-client/lib/leader.js:77:23)
    at listOnTimeout (internal/timers.js:549:17)
    at processTimers (internal/timers.js:492:7)
name: "ClusterClientNoResponseError"
pid: 66321
hostname: zfps-MacBook-Pro.local

2020-11-12 00:38:49,003 ERROR 66321 nodejs.ClusterClientNoResponseError: client no response in 1200675ms exceeding maxIdleTime 60000ms, maybe the connection is close on other side.
    at Timeout._onTimeout (/Users/zfp/Desktop/react-egg/qqd-server/node_modules/cluster-client/lib/leader.js:77:23)
    at listOnTimeout (internal/timers.js:549:17)
    at processTimers (internal/timers.js:492:7)
name: "ClusterClientNoResponseError"
pid: 66321
hostname: zfps-MacBook-Pro.local

2020-11-12 01:17:03,244 ERROR 66321 nodejs.ClusterClientNoResponseError: client no response in 2253993ms exceeding maxIdleTime 60000ms, maybe the connection is close on other side.
    at Timeout._onTimeout (/Users/zfp/Desktop/react-egg/qqd-server/node_modules/cluster-client/lib/leader.js:77:23)
    at listOnTimeout (internal/timers.js:549:17)
    at processTimers (internal/timers.js:492:7)
name: "ClusterClientNoResponseError"
pid: 66321
hostname: zfps-MacBook-Pro.local

2020-11-12 01:37:17,230 ERROR 66321 nodejs.ClusterClientNoResponseError: client no response in 1173976ms exceeding maxIdleTime 60000ms, maybe the connection is close on other side.
    at Timeout._onTimeout (/Users/zfp/Desktop/react-egg/qqd-server/node_modules/cluster-client/lib/leader.js:77:23)
    at listOnTimeout (internal/timers.js:549:17)
    at processTimers (internal/timers.js:492:7)
name: "ClusterClientNoResponseError"
pid: 66321
hostname: zfps-MacBook-Pro.local

2020-11-12 02:37:49,148 ERROR 66321 nodejs.ClusterClientNoResponseError: client no response in 1831529ms exceeding maxIdleTime 60000ms, maybe the connection is close on other side.
    at Timeout._onTimeout (/Users/zfp/Desktop/react-egg/qqd-server/node_modules/cluster-client/lib/leader.js:77:23)
    at listOnTimeout (internal/timers.js:549:17)
    at processTimers (internal/timers.js:492:7)
name: "ClusterClientNoResponseError"
pid: 66321
hostname: zfps-MacBook-Pro.local

2020-11-12 04:38:43,830 ERROR 66321 nodejs.ClusterClientNoResponseError: client no response in 7214673ms exceeding maxIdleTime 60000ms, maybe the connection is close on other side.
    at Timeout._onTimeout (/Users/zfp/Desktop/react-egg/qqd-server/node_modules/cluster-client/lib/leader.js:77:23)
    at listOnTimeout (internal/timers.js:549:17)
    at processTimers (internal/timers.js:492:7)
name: "ClusterClientNoResponseError"
pid: 66321
hostname: zfps-MacBook-Pro.local

2020-11-12 06:39:21,086 ERROR 66321 nodejs.ClusterClientNoResponseError: client no response in 7217249ms exceeding maxIdleTime 60000ms, maybe the connection is close on other side.
    at Timeout._onTimeout (/Users/zfp/Desktop/react-egg/qqd-server/node_modules/cluster-client/lib/leader.js:77:23)
    at listOnTimeout (internal/timers.js:549:17)
    at processTimers (internal/timers.js:492:7)
name: "ClusterClientNoResponseError"
pid: 66321
hostname: zfps-MacBook-Pro.local

2020-11-12 08:40:17,927 ERROR 66321 nodejs.ClusterClientNoResponseError: client no response in 7216997ms exceeding maxIdleTime 60000ms, maybe the connection is close on other side.
    at Timeout._onTimeout (/Users/zfp/Desktop/react-egg/qqd-server/node_modules/cluster-client/lib/leader.js:77:23)
    at listOnTimeout (internal/timers.js:549:17)
    at processTimers (internal/timers.js:492:7)
name: "ClusterClientNoResponseError"
pid: 66321
hostname: zfps-MacBook-Pro.local

2020-11-12 09:01:57,484 ERROR 66321 nodejs.ClusterClientNoResponseError: client no response in 1259548ms exceeding maxIdleTime 60000ms, maybe the connection is close on other side.
    at Timeout._onTimeout (/Users/zfp/Desktop/react-egg/qqd-server/node_modules/cluster-client/lib/leader.js:77:23)
    at listOnTimeout (internal/timers.js:549:17)
    at processTimers (internal/timers.js:492:7)
name: "ClusterClientNoResponseError"
pid: 66321
hostname: zfps-MacBook-Pro.local

